{"C:\\Users\\hp\\Desktop\\front-end\\js\\Cropper.js": {"path":"C:\\Users\\hp\\Desktop\\front-end\\js\\Cropper.js","statementMap":{"0":{"start":{"line":7,"column":12},"end":{"line":7,"column":23}},"1":{"start":{"line":11,"column":8},"end":{"line":11,"column":21}},"2":{"start":{"line":12,"column":8},"end":{"line":15,"column":10}},"3":{"start":{"line":16,"column":8},"end":{"line":16,"column":51}},"4":{"start":{"line":17,"column":8},"end":{"line":17,"column":49}},"5":{"start":{"line":18,"column":8},"end":{"line":18,"column":63}},"6":{"start":{"line":19,"column":8},"end":{"line":19,"column":41}},"7":{"start":{"line":23,"column":8},"end":{"line":23,"column":27}},"8":{"start":{"line":25,"column":8},"end":{"line":29,"column":9}},"9":{"start":{"line":26,"column":12},"end":{"line":26,"column":41}},"10":{"start":{"line":27,"column":15},"end":{"line":29,"column":9}},"11":{"start":{"line":28,"column":12},"end":{"line":28,"column":35}},"12":{"start":{"line":30,"column":23},"end":{"line":30,"column":39}},"13":{"start":{"line":31,"column":8},"end":{"line":33,"column":10}},"14":{"start":{"line":32,"column":12},"end":{"line":32,"column":50}},"15":{"start":{"line":34,"column":8},"end":{"line":34,"column":39}},"16":{"start":{"line":38,"column":8},"end":{"line":40,"column":9}},"17":{"start":{"line":39,"column":12},"end":{"line":39,"column":19}},"18":{"start":{"line":41,"column":8},"end":{"line":43,"column":11}},"19":{"start":{"line":47,"column":8},"end":{"line":47,"column":31}},"20":{"start":{"line":51,"column":8},"end":{"line":51,"column":49}},"21":{"start":{"line":55,"column":8},"end":{"line":100,"column":10}},"22":{"start":{"line":73,"column":42},"end":{"line":73,"column":65}}},"fnMap":{"0":{"name":"(anonymous_0)","decl":{"start":{"line":10,"column":4},"end":{"line":10,"column":5}},"loc":{"start":{"line":10,"column":23},"end":{"line":20,"column":5}},"line":10},"1":{"name":"(anonymous_1)","decl":{"start":{"line":22,"column":4},"end":{"line":22,"column":5}},"loc":{"start":{"line":22,"column":16},"end":{"line":35,"column":5}},"line":22},"2":{"name":"(anonymous_2)","decl":{"start":{"line":31,"column":24},"end":{"line":31,"column":25}},"loc":{"start":{"line":31,"column":30},"end":{"line":33,"column":9}},"line":31},"3":{"name":"(anonymous_3)","decl":{"start":{"line":37,"column":4},"end":{"line":37,"column":5}},"loc":{"start":{"line":37,"column":16},"end":{"line":44,"column":5}},"line":37},"4":{"name":"(anonymous_4)","decl":{"start":{"line":46,"column":4},"end":{"line":46,"column":5}},"loc":{"start":{"line":46,"column":22},"end":{"line":48,"column":5}},"line":46},"5":{"name":"(anonymous_5)","decl":{"start":{"line":50,"column":4},"end":{"line":50,"column":5}},"loc":{"start":{"line":50,"column":10},"end":{"line":52,"column":5}},"line":50},"6":{"name":"(anonymous_6)","decl":{"start":{"line":54,"column":4},"end":{"line":54,"column":5}},"loc":{"start":{"line":54,"column":13},"end":{"line":101,"column":5}},"line":54},"7":{"name":"(anonymous_7)","decl":{"start":{"line":73,"column":29},"end":{"line":73,"column":30}},"loc":{"start":{"line":73,"column":40},"end":{"line":73,"column":67}},"line":73}},"branchMap":{"0":{"loc":{"start":{"line":25,"column":8},"end":{"line":29,"column":9}},"type":"if","locations":[{"start":{"line":25,"column":8},"end":{"line":29,"column":9}},{"start":{"line":25,"column":8},"end":{"line":29,"column":9}}],"line":25},"1":{"loc":{"start":{"line":27,"column":15},"end":{"line":29,"column":9}},"type":"if","locations":[{"start":{"line":27,"column":15},"end":{"line":29,"column":9}},{"start":{"line":27,"column":15},"end":{"line":29,"column":9}}],"line":27},"2":{"loc":{"start":{"line":38,"column":8},"end":{"line":40,"column":9}},"type":"if","locations":[{"start":{"line":38,"column":8},"end":{"line":40,"column":9}},{"start":{"line":38,"column":8},"end":{"line":40,"column":9}}],"line":38}},"s":{"0":1,"1":4,"2":4,"3":4,"4":4,"5":4,"6":4,"7":0,"8":0,"9":0,"10":0,"11":0,"12":0,"13":0,"14":0,"15":0,"16":0,"17":0,"18":0,"19":1,"20":0,"21":5,"22":0},"f":{"0":4,"1":0,"2":0,"3":0,"4":1,"5":0,"6":5,"7":0},"b":{"0":[0,0],"1":[0,0],"2":[0,0]},"_coverageSchema":"332fd63041d2c1bcb487cc26dd0d5f7d97098a6c","hash":"9c63ed88736bd5b0542b86aafba844b2a65666e6"}
,"C:\\Users\\hp\\Desktop\\front-end\\js\\Play.js": {"path":"C:\\Users\\hp\\Desktop\\front-end\\js\\Play.js","statementMap":{"0":{"start":{"line":6,"column":4},"end":{"line":6,"column":17}},"1":{"start":{"line":7,"column":4},"end":{"line":9,"column":5}},"2":{"start":{"line":13,"column":19},"end":{"line":13,"column":36}},"3":{"start":{"line":14,"column":4},"end":{"line":17,"column":7}},"4":{"start":{"line":15,"column":21},"end":{"line":15,"column":25}},"5":{"start":{"line":16,"column":6},"end":{"line":16,"column":22}},"6":{"start":{"line":21,"column":18},"end":{"line":21,"column":28}},"7":{"start":{"line":22,"column":4},"end":{"line":28,"column":5}}},"fnMap":{"0":{"name":"(anonymous_0)","decl":{"start":{"line":5,"column":2},"end":{"line":5,"column":3}},"loc":{"start":{"line":5,"column":21},"end":{"line":10,"column":3}},"line":5},"1":{"name":"(anonymous_1)","decl":{"start":{"line":12,"column":2},"end":{"line":12,"column":3}},"loc":{"start":{"line":12,"column":22},"end":{"line":18,"column":3}},"line":12},"2":{"name":"(anonymous_2)","decl":{"start":{"line":14,"column":28},"end":{"line":14,"column":29}},"loc":{"start":{"line":14,"column":40},"end":{"line":17,"column":5}},"line":14},"3":{"name":"(anonymous_3)","decl":{"start":{"line":20,"column":2},"end":{"line":20,"column":3}},"loc":{"start":{"line":20,"column":11},"end":{"line":29,"column":3}},"line":20}},"branchMap":{},"s":{"0":1,"1":1,"2":1,"3":0,"4":0,"5":0,"6":1,"7":1},"f":{"0":1,"1":1,"2":0,"3":1},"b":{},"_coverageSchema":"332fd63041d2c1bcb487cc26dd0d5f7d97098a6c","hash":"b20462b1e784a2c627e6cd5f4c188f11f0e4bd34"}
,"C:\\Users\\hp\\Desktop\\front-end\\js\\Video.js": {"path":"C:\\Users\\hp\\Desktop\\front-end\\js\\Video.js","statementMap":{"0":{"start":{"line":5,"column":15},"end":{"line":7,"column":1}},"1":{"start":{"line":6,"column":2},"end":{"line":6,"column":52}},"2":{"start":{"line":9,"column":17},"end":{"line":11,"column":1}},"3":{"start":{"line":10,"column":2},"end":{"line":10,"column":44}},"4":{"start":{"line":12,"column":16},"end":{"line":14,"column":1}},"5":{"start":{"line":13,"column":2},"end":{"line":13,"column":50}},"6":{"start":{"line":18,"column":4},"end":{"line":18,"column":17}},"7":{"start":{"line":19,"column":4},"end":{"line":36,"column":6}},"8":{"start":{"line":37,"column":4},"end":{"line":37,"column":45}},"9":{"start":{"line":38,"column":4},"end":{"line":38,"column":47}},"10":{"start":{"line":39,"column":4},"end":{"line":39,"column":35}},"11":{"start":{"line":40,"column":4},"end":{"line":40,"column":37}},"12":{"start":{"line":44,"column":12},"end":{"line":44,"column":14}},"13":{"start":{"line":45,"column":14},"end":{"line":45,"column":38}},"14":{"start":{"line":46,"column":4},"end":{"line":48,"column":6}},"15":{"start":{"line":49,"column":4},"end":{"line":55,"column":7}},"16":{"start":{"line":60,"column":14},"end":{"line":60,"column":16}},"17":{"start":{"line":61,"column":4},"end":{"line":70,"column":5}},"18":{"start":{"line":62,"column":6},"end":{"line":66,"column":8}},"19":{"start":{"line":69,"column":6},"end":{"line":69,"column":16}},"20":{"start":{"line":71,"column":4},"end":{"line":73,"column":6}},"21":{"start":{"line":77,"column":4},"end":{"line":105,"column":5}},"22":{"start":{"line":78,"column":6},"end":{"line":78,"column":17}},"23":{"start":{"line":79,"column":21},"end":{"line":79,"column":54}},"24":{"start":{"line":80,"column":17},"end":{"line":80,"column":37}},"25":{"start":{"line":81,"column":6},"end":{"line":100,"column":9}},"26":{"start":{"line":84,"column":8},"end":{"line":99,"column":11}},"27":{"start":{"line":93,"column":12},"end":{"line":93,"column":48}},"28":{"start":{"line":94,"column":12},"end":{"line":94,"column":35}},"29":{"start":{"line":95,"column":12},"end":{"line":97,"column":13}},"30":{"start":{"line":96,"column":14},"end":{"line":96,"column":24}},"31":{"start":{"line":101,"column":6},"end":{"line":101,"column":52}},"32":{"start":{"line":104,"column":6},"end":{"line":104,"column":16}},"33":{"start":{"line":130,"column":4},"end":{"line":147,"column":5}},"34":{"start":{"line":131,"column":16},"end":{"line":131,"column":17}},"35":{"start":{"line":132,"column":6},"end":{"line":143,"column":9}},"36":{"start":{"line":140,"column":10},"end":{"line":140,"column":33}},"37":{"start":{"line":146,"column":6},"end":{"line":146,"column":16}},"38":{"start":{"line":151,"column":4},"end":{"line":187,"column":5}},"39":{"start":{"line":156,"column":12},"end":{"line":156,"column":28}},"40":{"start":{"line":159,"column":12},"end":{"line":159,"column":28}}},"fnMap":{"0":{"name":"(anonymous_0)","decl":{"start":{"line":5,"column":15},"end":{"line":5,"column":16}},"loc":{"start":{"line":5,"column":20},"end":{"line":7,"column":1}},"line":5},"1":{"name":"(anonymous_1)","decl":{"start":{"line":9,"column":17},"end":{"line":9,"column":18}},"loc":{"start":{"line":9,"column":22},"end":{"line":11,"column":1}},"line":9},"2":{"name":"(anonymous_2)","decl":{"start":{"line":12,"column":16},"end":{"line":12,"column":17}},"loc":{"start":{"line":12,"column":20},"end":{"line":14,"column":1}},"line":12},"3":{"name":"(anonymous_3)","decl":{"start":{"line":17,"column":2},"end":{"line":17,"column":3}},"loc":{"start":{"line":17,"column":21},"end":{"line":41,"column":3}},"line":17},"4":{"name":"(anonymous_4)","decl":{"start":{"line":43,"column":2},"end":{"line":43,"column":3}},"loc":{"start":{"line":43,"column":18},"end":{"line":56,"column":3}},"line":43},"5":{"name":"(anonymous_5)","decl":{"start":{"line":58,"column":2},"end":{"line":58,"column":3}},"loc":{"start":{"line":58,"column":14},"end":{"line":74,"column":3}},"line":58},"6":{"name":"(anonymous_6)","decl":{"start":{"line":76,"column":2},"end":{"line":76,"column":3}},"loc":{"start":{"line":76,"column":9},"end":{"line":127,"column":3}},"line":76},"7":{"name":"(anonymous_7)","decl":{"start":{"line":83,"column":9},"end":{"line":83,"column":10}},"loc":{"start":{"line":83,"column":15},"end":{"line":100,"column":7}},"line":83},"8":{"name":"(anonymous_8)","decl":{"start":{"line":92,"column":19},"end":{"line":92,"column":20}},"loc":{"start":{"line":92,"column":35},"end":{"line":98,"column":11}},"line":92},"9":{"name":"(anonymous_9)","decl":{"start":{"line":129,"column":2},"end":{"line":129,"column":3}},"loc":{"start":{"line":129,"column":8},"end":{"line":148,"column":3}},"line":129},"10":{"name":"(anonymous_10)","decl":{"start":{"line":139,"column":17},"end":{"line":139,"column":18}},"loc":{"start":{"line":139,"column":33},"end":{"line":142,"column":9}},"line":139},"11":{"name":"(anonymous_11)","decl":{"start":{"line":150,"column":2},"end":{"line":150,"column":3}},"loc":{"start":{"line":150,"column":11},"end":{"line":188,"column":3}},"line":150},"12":{"name":"(anonymous_12)","decl":{"start":{"line":155,"column":73},"end":{"line":155,"column":74}},"loc":{"start":{"line":155,"column":79},"end":{"line":157,"column":11}},"line":155},"13":{"name":"(anonymous_13)","decl":{"start":{"line":158,"column":75},"end":{"line":158,"column":76}},"loc":{"start":{"line":158,"column":81},"end":{"line":160,"column":11}},"line":158}},"branchMap":{"0":{"loc":{"start":{"line":61,"column":4},"end":{"line":70,"column":5}},"type":"if","locations":[{"start":{"line":61,"column":4},"end":{"line":70,"column":5}},{"start":{"line":61,"column":4},"end":{"line":70,"column":5}}],"line":61},"1":{"loc":{"start":{"line":77,"column":4},"end":{"line":105,"column":5}},"type":"if","locations":[{"start":{"line":77,"column":4},"end":{"line":105,"column":5}},{"start":{"line":77,"column":4},"end":{"line":105,"column":5}}],"line":77},"2":{"loc":{"start":{"line":77,"column":8},"end":{"line":77,"column":59}},"type":"binary-expr","locations":[{"start":{"line":77,"column":8},"end":{"line":77,"column":30}},{"start":{"line":77,"column":34},"end":{"line":77,"column":59}}],"line":77},"3":{"loc":{"start":{"line":95,"column":12},"end":{"line":97,"column":13}},"type":"if","locations":[{"start":{"line":95,"column":12},"end":{"line":97,"column":13}},{"start":{"line":95,"column":12},"end":{"line":97,"column":13}}],"line":95},"4":{"loc":{"start":{"line":130,"column":4},"end":{"line":147,"column":5}},"type":"if","locations":[{"start":{"line":130,"column":4},"end":{"line":147,"column":5}},{"start":{"line":130,"column":4},"end":{"line":147,"column":5}}],"line":130}},"s":{"0":1,"1":3,"2":1,"3":0,"4":1,"5":0,"6":2,"7":2,"8":2,"9":2,"10":2,"11":2,"12":1,"13":1,"14":1,"15":1,"16":2,"17":2,"18":1,"19":1,"20":2,"21":1,"22":0,"23":0,"24":0,"25":0,"26":0,"27":0,"28":0,"29":0,"30":0,"31":0,"32":1,"33":1,"34":0,"35":0,"36":0,"37":1,"38":5,"39":1,"40":0},"f":{"0":3,"1":0,"2":0,"3":2,"4":1,"5":2,"6":1,"7":0,"8":0,"9":1,"10":0,"11":5,"12":1,"13":0},"b":{"0":[1,1],"1":[0,1],"2":[1,0],"3":[0,0],"4":[0,1]},"_coverageSchema":"332fd63041d2c1bcb487cc26dd0d5f7d97098a6c","hash":"3db660045862934c39bf3228c715d499de0e31df"}
,"C:\\Users\\hp\\Desktop\\front-end\\js\\login.js": {"path":"C:\\Users\\hp\\Desktop\\front-end\\js\\login.js","statementMap":{"0":{"start":{"line":7,"column":8},"end":{"line":7,"column":21}},"1":{"start":{"line":8,"column":8},"end":{"line":12,"column":10}},"2":{"start":{"line":13,"column":8},"end":{"line":13,"column":49}},"3":{"start":{"line":14,"column":8},"end":{"line":14,"column":56}},"4":{"start":{"line":15,"column":8},"end":{"line":15,"column":47}},"5":{"start":{"line":16,"column":8},"end":{"line":16,"column":47}},"6":{"start":{"line":19,"column":8},"end":{"line":21,"column":10}},"7":{"start":{"line":24,"column":8},"end":{"line":26,"column":10}},"8":{"start":{"line":29,"column":8},"end":{"line":31,"column":10}},"9":{"start":{"line":34,"column":8},"end":{"line":36,"column":10}},"10":{"start":{"line":39,"column":8},"end":{"line":66,"column":9}}},"fnMap":{"0":{"name":"(anonymous_0)","decl":{"start":{"line":6,"column":4},"end":{"line":6,"column":5}},"loc":{"start":{"line":6,"column":22},"end":{"line":17,"column":5}},"line":6},"1":{"name":"(anonymous_1)","decl":{"start":{"line":18,"column":4},"end":{"line":18,"column":5}},"loc":{"start":{"line":18,"column":14},"end":{"line":22,"column":5}},"line":18},"2":{"name":"(anonymous_2)","decl":{"start":{"line":23,"column":4},"end":{"line":23,"column":5}},"loc":{"start":{"line":23,"column":14},"end":{"line":27,"column":5}},"line":23},"3":{"name":"(anonymous_3)","decl":{"start":{"line":28,"column":4},"end":{"line":28,"column":5}},"loc":{"start":{"line":28,"column":15},"end":{"line":32,"column":5}},"line":28},"4":{"name":"(anonymous_4)","decl":{"start":{"line":33,"column":4},"end":{"line":33,"column":5}},"loc":{"start":{"line":33,"column":19},"end":{"line":37,"column":5}},"line":33},"5":{"name":"(anonymous_5)","decl":{"start":{"line":38,"column":4},"end":{"line":38,"column":5}},"loc":{"start":{"line":38,"column":13},"end":{"line":67,"column":5}},"line":38}},"branchMap":{},"s":{"0":1,"1":1,"2":1,"3":1,"4":1,"5":1,"6":1,"7":1,"8":0,"9":0,"10":3},"f":{"0":1,"1":1,"2":1,"3":0,"4":0,"5":3},"b":{},"_coverageSchema":"332fd63041d2c1bcb487cc26dd0d5f7d97098a6c","hash":"3b3719866427af4519ee6a4faea2c47976d5ea2b"}
,"C:\\Users\\hp\\Desktop\\front-end\\js\\register.js": {"path":"C:\\Users\\hp\\Desktop\\front-end\\js\\register.js","statementMap":{"0":{"start":{"line":3,"column":17},"end":{"line":3,"column":26}},"1":{"start":{"line":4,"column":15},"end":{"line":4,"column":28}},"2":{"start":{"line":5,"column":27},"end":{"line":5,"column":46}},"3":{"start":{"line":10,"column":8},"end":{"line":10,"column":21}},"4":{"start":{"line":11,"column":8},"end":{"line":15,"column":10}},"5":{"start":{"line":16,"column":8},"end":{"line":16,"column":57}},"6":{"start":{"line":17,"column":8},"end":{"line":17,"column":67}},"7":{"start":{"line":18,"column":8},"end":{"line":18,"column":77}},"8":{"start":{"line":19,"column":8},"end":{"line":19,"column":77}},"9":{"start":{"line":20,"column":8},"end":{"line":20,"column":71}},"10":{"start":{"line":21,"column":8},"end":{"line":21,"column":51}},"11":{"start":{"line":22,"column":8},"end":{"line":22,"column":49}},"12":{"start":{"line":23,"column":8},"end":{"line":23,"column":57}},"13":{"start":{"line":30,"column":8},"end":{"line":30,"column":27}},"14":{"start":{"line":31,"column":8},"end":{"line":35,"column":11}},"15":{"start":{"line":32,"column":12},"end":{"line":34,"column":13}},"16":{"start":{"line":33,"column":16},"end":{"line":33,"column":65}},"17":{"start":{"line":39,"column":22},"end":{"line":39,"column":36}},"18":{"start":{"line":40,"column":8},"end":{"line":40,"column":76}},"19":{"start":{"line":44,"column":21},"end":{"line":44,"column":36}},"20":{"start":{"line":45,"column":8},"end":{"line":49,"column":9}},"21":{"start":{"line":46,"column":12},"end":{"line":46,"column":70}},"22":{"start":{"line":48,"column":12},"end":{"line":48,"column":23}},"23":{"start":{"line":53,"column":21},"end":{"line":53,"column":36}},"24":{"start":{"line":54,"column":8},"end":{"line":56,"column":9}},"25":{"start":{"line":55,"column":12},"end":{"line":55,"column":62}},"26":{"start":{"line":57,"column":8},"end":{"line":57,"column":19}},"27":{"start":{"line":62,"column":8},"end":{"line":66,"column":9}},"28":{"start":{"line":63,"column":12},"end":{"line":63,"column":36}},"29":{"start":{"line":65,"column":12},"end":{"line":65,"column":93}},"30":{"start":{"line":65,"column":72},"end":{"line":65,"column":91}},"31":{"start":{"line":67,"column":8},"end":{"line":67,"column":46}},"32":{"start":{"line":71,"column":8},"end":{"line":73,"column":11}},"33":{"start":{"line":77,"column":8},"end":{"line":79,"column":10}},"34":{"start":{"line":83,"column":8},"end":{"line":85,"column":10}},"35":{"start":{"line":89,"column":36},"end":{"line":89,"column":51}},"36":{"start":{"line":90,"column":37},"end":{"line":90,"column":47}},"37":{"start":{"line":92,"column":31},"end":{"line":101,"column":9}},"38":{"start":{"line":102,"column":35},"end":{"line":113,"column":9}},"39":{"start":{"line":114,"column":31},"end":{"line":121,"column":9}},"40":{"start":{"line":127,"column":8},"end":{"line":222,"column":10}},"41":{"start":{"line":225,"column":32},"end":{"line":225,"column":63}}},"fnMap":{"0":{"name":"(anonymous_0)","decl":{"start":{"line":9,"column":4},"end":{"line":9,"column":5}},"loc":{"start":{"line":9,"column":22},"end":{"line":26,"column":5}},"line":9},"1":{"name":"(anonymous_1)","decl":{"start":{"line":29,"column":4},"end":{"line":29,"column":5}},"loc":{"start":{"line":29,"column":20},"end":{"line":36,"column":5}},"line":29},"2":{"name":"(anonymous_2)","decl":{"start":{"line":31,"column":48},"end":{"line":31,"column":49}},"loc":{"start":{"line":31,"column":65},"end":{"line":35,"column":9}},"line":31},"3":{"name":"(anonymous_3)","decl":{"start":{"line":38,"column":4},"end":{"line":38,"column":5}},"loc":{"start":{"line":38,"column":27},"end":{"line":41,"column":5}},"line":38},"4":{"name":"(anonymous_4)","decl":{"start":{"line":43,"column":4},"end":{"line":43,"column":5}},"loc":{"start":{"line":43,"column":52},"end":{"line":50,"column":5}},"line":43},"5":{"name":"(anonymous_5)","decl":{"start":{"line":52,"column":4},"end":{"line":52,"column":5}},"loc":{"start":{"line":52,"column":52},"end":{"line":58,"column":5}},"line":52},"6":{"name":"(anonymous_6)","decl":{"start":{"line":60,"column":4},"end":{"line":60,"column":5}},"loc":{"start":{"line":60,"column":32},"end":{"line":68,"column":5}},"line":60},"7":{"name":"(anonymous_7)","decl":{"start":{"line":65,"column":62},"end":{"line":65,"column":63}},"loc":{"start":{"line":65,"column":72},"end":{"line":65,"column":91}},"line":65},"8":{"name":"(anonymous_8)","decl":{"start":{"line":70,"column":4},"end":{"line":70,"column":5}},"loc":{"start":{"line":70,"column":16},"end":{"line":74,"column":5}},"line":70},"9":{"name":"(anonymous_9)","decl":{"start":{"line":76,"column":4},"end":{"line":76,"column":5}},"loc":{"start":{"line":76,"column":16},"end":{"line":80,"column":5}},"line":76},"10":{"name":"(anonymous_10)","decl":{"start":{"line":82,"column":4},"end":{"line":82,"column":5}},"loc":{"start":{"line":82,"column":20},"end":{"line":86,"column":5}},"line":82},"11":{"name":"(anonymous_11)","decl":{"start":{"line":88,"column":4},"end":{"line":88,"column":5}},"loc":{"start":{"line":88,"column":13},"end":{"line":223,"column":5}},"line":88}},"branchMap":{"0":{"loc":{"start":{"line":32,"column":12},"end":{"line":34,"column":13}},"type":"if","locations":[{"start":{"line":32,"column":12},"end":{"line":34,"column":13}},{"start":{"line":32,"column":12},"end":{"line":34,"column":13}}],"line":32},"1":{"loc":{"start":{"line":40,"column":38},"end":{"line":40,"column":72}},"type":"binary-expr","locations":[{"start":{"line":40,"column":38},"end":{"line":40,"column":61}},{"start":{"line":40,"column":65},"end":{"line":40,"column":72}}],"line":40},"2":{"loc":{"start":{"line":45,"column":8},"end":{"line":49,"column":9}},"type":"if","locations":[{"start":{"line":45,"column":8},"end":{"line":49,"column":9}},{"start":{"line":45,"column":8},"end":{"line":49,"column":9}}],"line":45},"3":{"loc":{"start":{"line":45,"column":12},"end":{"line":45,"column":61}},"type":"binary-expr","locations":[{"start":{"line":45,"column":12},"end":{"line":45,"column":17}},{"start":{"line":45,"column":21},"end":{"line":45,"column":61}}],"line":45},"4":{"loc":{"start":{"line":54,"column":8},"end":{"line":56,"column":9}},"type":"if","locations":[{"start":{"line":54,"column":8},"end":{"line":56,"column":9}},{"start":{"line":54,"column":8},"end":{"line":56,"column":9}}],"line":54},"5":{"loc":{"start":{"line":54,"column":12},"end":{"line":54,"column":44}},"type":"binary-expr","locations":[{"start":{"line":54,"column":12},"end":{"line":54,"column":17}},{"start":{"line":54,"column":21},"end":{"line":54,"column":44}}],"line":54},"6":{"loc":{"start":{"line":62,"column":8},"end":{"line":66,"column":9}},"type":"if","locations":[{"start":{"line":62,"column":8},"end":{"line":66,"column":9}},{"start":{"line":62,"column":8},"end":{"line":66,"column":9}}],"line":62}},"s":{"0":3,"1":3,"2":3,"3":2,"4":2,"5":2,"6":2,"7":2,"8":2,"9":2,"10":2,"11":2,"12":2,"13":0,"14":0,"15":0,"16":0,"17":0,"18":0,"19":0,"20":0,"21":0,"22":0,"23":0,"24":0,"25":0,"26":0,"27":0,"28":0,"29":0,"30":0,"31":0,"32":1,"33":0,"34":0,"35":3,"36":3,"37":3,"38":3,"39":3,"40":3,"41":3},"f":{"0":2,"1":0,"2":0,"3":0,"4":0,"5":0,"6":0,"7":0,"8":1,"9":0,"10":0,"11":3},"b":{"0":[0,0],"1":[0,0],"2":[0,0],"3":[0,0],"4":[0,0],"5":[0,0],"6":[0,0]},"_coverageSchema":"332fd63041d2c1bcb487cc26dd0d5f7d97098a6c","hash":"aee871ee1f1539dcedf6989d88ec31a27fae017b"}
}
