TN:
SF:C:\Users\hp\Desktop\front-end\js\Cropper.js
FN:10,(anonymous_0)
FN:22,(anonymous_1)
FN:31,(anonymous_2)
FN:37,(anonymous_3)
FN:46,(anonymous_4)
FN:50,(anonymous_5)
FN:54,(anonymous_6)
FN:73,(anonymous_7)
FNF:8
FNH:3
FNDA:4,(anonymous_0)
FNDA:0,(anonymous_1)
FNDA:0,(anonymous_2)
FNDA:0,(anonymous_3)
FNDA:1,(anonymous_4)
FNDA:0,(anonymous_5)
FNDA:5,(anonymous_6)
FNDA:0,(anonymous_7)
DA:7,1
DA:11,4
DA:12,4
DA:16,4
DA:17,4
DA:18,4
DA:19,4
DA:23,0
DA:25,0
DA:26,0
DA:27,0
DA:28,0
DA:30,0
DA:31,0
DA:32,0
DA:34,0
DA:38,0
DA:39,0
DA:41,0
DA:47,1
DA:51,0
DA:55,5
DA:73,0
LF:23
LH:9
BRDA:25,0,0,0
BRDA:25,0,1,0
BRDA:27,1,0,0
BRDA:27,1,1,0
BRDA:38,2,0,0
BRDA:38,2,1,0
BRF:6
BRH:0
end_of_record
TN:
SF:C:\Users\hp\Desktop\front-end\js\Play.js
FN:5,(anonymous_0)
FN:12,(anonymous_1)
FN:14,(anonymous_2)
FN:20,(anonymous_3)
FNF:4
FNH:3
FNDA:1,(anonymous_0)
FNDA:1,(anonymous_1)
FNDA:0,(anonymous_2)
FNDA:1,(anonymous_3)
DA:6,1
DA:7,1
DA:13,1
DA:14,0
DA:15,0
DA:16,0
DA:21,1
DA:22,1
LF:8
LH:5
BRF:0
BRH:0
end_of_record
TN:
SF:C:\Users\hp\Desktop\front-end\js\Video.js
FN:5,(anonymous_0)
FN:9,(anonymous_1)
FN:12,(anonymous_2)
FN:17,(anonymous_3)
FN:43,(anonymous_4)
FN:58,(anonymous_5)
FN:76,(anonymous_6)
FN:83,(anonymous_7)
FN:92,(anonymous_8)
FN:129,(anonymous_9)
FN:139,(anonymous_10)
FN:150,(anonymous_11)
FN:155,(anonymous_12)
FN:158,(anonymous_13)
FNF:14
FNH:8
FNDA:3,(anonymous_0)
FNDA:0,(anonymous_1)
FNDA:0,(anonymous_2)
FNDA:2,(anonymous_3)
FNDA:1,(anonymous_4)
FNDA:2,(anonymous_5)
FNDA:1,(anonymous_6)
FNDA:0,(anonymous_7)
FNDA:0,(anonymous_8)
FNDA:1,(anonymous_9)
FNDA:0,(anonymous_10)
FNDA:5,(anonymous_11)
FNDA:1,(anonymous_12)
FNDA:0,(anonymous_13)
DA:5,1
DA:6,3
DA:9,1
DA:10,0
DA:12,1
DA:13,0
DA:18,2
DA:19,2
DA:37,2
DA:38,2
DA:39,2
DA:40,2
DA:44,1
DA:45,1
DA:46,1
DA:49,1
DA:60,2
DA:61,2
DA:62,1
DA:69,1
DA:71,2
DA:77,1
DA:78,0
DA:79,0
DA:80,0
DA:81,0
DA:84,0
DA:93,0
DA:94,0
DA:95,0
DA:96,0
DA:101,0
DA:104,1
DA:130,1
DA:131,0
DA:132,0
DA:140,0
DA:146,1
DA:151,5
DA:156,1
DA:159,0
LF:41
LH:25
BRDA:61,0,0,1
BRDA:61,0,1,1
BRDA:77,1,0,0
BRDA:77,1,1,1
BRDA:77,2,0,1
BRDA:77,2,1,0
BRDA:95,3,0,0
BRDA:95,3,1,0
BRDA:130,4,0,0
BRDA:130,4,1,1
BRF:10
BRH:5
end_of_record
TN:
SF:C:\Users\hp\Desktop\front-end\js\login.js
FN:6,(anonymous_0)
FN:18,(anonymous_1)
FN:23,(anonymous_2)
FN:28,(anonymous_3)
FN:33,(anonymous_4)
FN:38,(anonymous_5)
FNF:6
FNH:4
FNDA:1,(anonymous_0)
FNDA:1,(anonymous_1)
FNDA:1,(anonymous_2)
FNDA:0,(anonymous_3)
FNDA:0,(anonymous_4)
FNDA:3,(anonymous_5)
DA:7,1
DA:8,1
DA:13,1
DA:14,1
DA:15,1
DA:16,1
DA:19,1
DA:24,1
DA:29,0
DA:34,0
DA:39,3
LF:11
LH:9
BRF:0
BRH:0
end_of_record
TN:
SF:C:\Users\hp\Desktop\front-end\js\register.js
FN:9,(anonymous_0)
FN:29,(anonymous_1)
FN:31,(anonymous_2)
FN:38,(anonymous_3)
FN:43,(anonymous_4)
FN:52,(anonymous_5)
FN:60,(anonymous_6)
FN:65,(anonymous_7)
FN:70,(anonymous_8)
FN:76,(anonymous_9)
FN:82,(anonymous_10)
FN:88,(anonymous_11)
FNF:12
FNH:3
FNDA:2,(anonymous_0)
FNDA:0,(anonymous_1)
FNDA:0,(anonymous_2)
FNDA:0,(anonymous_3)
FNDA:0,(anonymous_4)
FNDA:0,(anonymous_5)
FNDA:0,(anonymous_6)
FNDA:0,(anonymous_7)
FNDA:1,(anonymous_8)
FNDA:0,(anonymous_9)
FNDA:0,(anonymous_10)
FNDA:3,(anonymous_11)
DA:3,3
DA:4,3
DA:5,3
DA:10,2
DA:11,2
DA:16,2
DA:17,2
DA:18,2
DA:19,2
DA:20,2
DA:21,2
DA:22,2
DA:23,2
DA:30,0
DA:31,0
DA:32,0
DA:33,0
DA:39,0
DA:40,0
DA:44,0
DA:45,0
DA:46,0
DA:48,0
DA:53,0
DA:54,0
DA:55,0
DA:57,0
DA:62,0
DA:63,0
DA:65,0
DA:67,0
DA:71,1
DA:77,0
DA:83,0
DA:89,3
DA:90,3
DA:92,3
DA:102,3
DA:114,3
DA:127,3
DA:225,3
LF:41
LH:21
BRDA:32,0,0,0
BRDA:32,0,1,0
BRDA:40,1,0,0
BRDA:40,1,1,0
BRDA:45,2,0,0
BRDA:45,2,1,0
BRDA:45,3,0,0
BRDA:45,3,1,0
BRDA:54,4,0,0
BRDA:54,4,1,0
BRDA:54,5,0,0
BRDA:54,5,1,0
BRDA:62,6,0,0
BRDA:62,6,1,0
BRF:14
BRH:0
end_of_record
